app/build/outputs/logs/manifest-merger-debug-report.txt
-- Merging decision tree log ---
manifest
ADDED from src\main\AndroidManifest.xml:2:1-94:12
	package
		ADDED from src\main\AndroidManifest.xml:3:5-37
		INJECTED from src\main\AndroidManifest.xml
		INJECTED from src\main\AndroidManifest.xml
	android:versionName
		ADDED from src\main\AndroidManifest.xml:5:5-30
		INJECTED from src\main\AndroidManifest.xml
		INJECTED from src\main\AndroidManifest.xml
	android:versionCode
		ADDED from src\main\AndroidManifest.xml:4:5-28
		INJECTED from src\main\AndroidManifest.xml
		INJECTED from src\main\AndroidManifest.xml
	xmlns:android
		ADDED from src\main\AndroidManifest.xml:2:11-69
uses-sdk
ADDED from src\main\AndroidManifest.xml:7:5-72
	android:targetSdkVersion
		ADDED from src\main\AndroidManifest.xml:7:41-69
		INJECTED from src\main\AndroidManifest.xml
		INJECTED from src\main\AndroidManifest.xml
	android:minSdkVersion
		ADDED from src\main\AndroidManifest.xml:7:15-40
		INJECTED from src\main\AndroidManifest.xml
		INJECTED from src\main\AndroidManifest.xml
uses-permission#android.permission.INTERNET
ADDED from src\main\AndroidManifest.xml:9:5-67
	android:name
		ADDED from src\main\AndroidManifest.xml:9:22-64
uses-permission#android.permission.ACCESS_NETWORK_STATE
ADDED from src\main\AndroidManifest.xml:10:2-76
	android:name
		ADDED from src\main\AndroidManifest.xml:10:19-73
uses-permission#android.permission.READ_PHONE_STATE
ADDED from src\main\AndroidManifest.xml:11:2-72
	android:name
		ADDED from src\main\AndroidManifest.xml:11:19-69
uses-permission#android.permission.ACCESS_WIFI_STATE
ADDED from src\main\AndroidManifest.xml:12:2-72
	android:name
		ADDED from src\main\AndroidManifest.xml:12:19-70
uses-permission#android.permission.CHANGE_NETWORK_STATE
ADDED from src\main\AndroidManifest.xml:13:2-75
	android:name
		ADDED from src\main\AndroidManifest.xml:13:19-73
uses-permission#android.permission.CHANGE_WIFI_STATE
ADDED from src\main\AndroidManifest.xml:14:2-72
	android:name
		ADDED from src\main\AndroidManifest.xml:14:19-70
uses-permission#android.permission.INTERACT_ACROSS_USERS
ADDED from src\main\AndroidManifest.xml:15:2-77
	android:name
		ADDED from src\main\AndroidManifest.xml:15:19-74
uses-permission#android.permission.INTERACT_ACROSS_USERS_FULL
ADDED from src\main\AndroidManifest.xml:16:2-81
	android:name
		ADDED from src\main\AndroidManifest.xml:16:19-79
uses-permission#android.permission.SET_DEBUG_APP
ADDED from src\main\AndroidManifest.xml:17:2-68
	android:name
		ADDED from src\main\AndroidManifest.xml:17:19-66
uses-permission#android.permission.READ_EXTERNAL_STORAGE
ADDED from src\main\AndroidManifest.xml:18:2-76
	android:name
		ADDED from src\main\AndroidManifest.xml:18:19-74
uses-permission#android.permission.WRITE_EXTERNAL_STORAGE
ADDED from src\main\AndroidManifest.xml:19:2-77
	android:name
		ADDED from src\main\AndroidManifest.xml:19:19-75
application
ADDED from src\main\AndroidManifest.xml:21:5-92:19
	android:label
		ADDED from src\main\AndroidManifest.xml:23:9-41
	android:icon
		ADDED from src\main\AndroidManifest.xml:22:9-38
	android:largeHeap
		ADDED from src\main\AndroidManifest.xml:24:9-33
activity#combodia.moatv5.settop.Connect
ADDED from src\main\AndroidManifest.xml:25:9-31:20
	android:theme
		ADDED from src\main\AndroidManifest.xml:26:60-118
	android:name
		ADDED from src\main\AndroidManifest.xml:26:13-58
intent-filter#android.intent.action.MAIN+android.intent.category.LAUNCHER
ADDED from src\main\AndroidManifest.xml:27:13-30:29
action#android.intent.action.MAIN
ADDED from src\main\AndroidManifest.xml:28:17-69
	android:name
		ADDED from src\main\AndroidManifest.xml:28:25-66
category#android.intent.category.LAUNCHER
ADDED from src\main\AndroidManifest.xml:29:17-77
	android:name
		ADDED from src\main\AndroidManifest.xml:29:27-74
activity#combodia.moatv5.settop.HantvActivity
ADDED from src\main\AndroidManifest.xml:32:9-33:20
	android:theme
		ADDED from src\main\AndroidManifest.xml:32:72-130
	android:name
		ADDED from src\main\AndroidManifest.xml:32:19-70
activity#combodia.moatv5.settop.MainMenuActivity
ADDED from src\main\AndroidManifest.xml:34:9-35:20
	android:theme
		ADDED from src\main\AndroidManifest.xml:34:75-133
	android:name
		ADDED from src\main\AndroidManifest.xml:34:19-73
activity#combodia.moatv5.settop.DetailDramaActivity
ADDED from src\main\AndroidManifest.xml:36:9-37:20
	android:theme
		ADDED from src\main\AndroidManifest.xml:36:78-136
	android:name
		ADDED from src\main\AndroidManifest.xml:36:19-76
activity#combodia.moatv5.settop.DetailShowActivity
ADDED from src\main\AndroidManifest.xml:38:9-39:20
	android:theme
		ADDED from src\main\AndroidManifest.xml:38:76-134
	android:name
		ADDED from src\main\AndroidManifest.xml:38:19-75
activity#combodia.moatv5.settop.DetailDialogActivity
ADDED from src\main\AndroidManifest.xml:40:9-43:20
	android:theme
		ADDED from src\main\AndroidManifest.xml:42:13-58
	android:name
		ADDED from src\main\AndroidManifest.xml:41:13-71
activity#combodia.moatv5.settop.live.LiveListActivity
ADDED from src\main\AndroidManifest.xml:44:9-45:20
	android:theme
		ADDED from src\main\AndroidManifest.xml:44:79-137
	android:name
		ADDED from src\main\AndroidManifest.xml:44:19-78
activity#combodia.moatv5.settop.MovieListActivity
ADDED from src\main\AndroidManifest.xml:46:9-47:20
	android:theme
		ADDED from src\main\AndroidManifest.xml:46:75-133
	android:name
		ADDED from src\main\AndroidManifest.xml:46:19-74
activity#combodia.moatv5.settop.BroadcastListActivity
ADDED from src\main\AndroidManifest.xml:48:9-49:20
	android:theme
		ADDED from src\main\AndroidManifest.xml:48:79-137
	android:name
		ADDED from src\main\AndroidManifest.xml:48:19-78
activity#combodia.moatv5.settop.shopping.ShoppingListActivity
ADDED from src\main\AndroidManifest.xml:50:9-51:20
	android:theme
		ADDED from src\main\AndroidManifest.xml:50:87-145
	android:name
		ADDED from src\main\AndroidManifest.xml:50:19-86
activity#combodia.moatv5.settop.shopping.DetailShoppingActivity
ADDED from src\main\AndroidManifest.xml:52:9-53:20
	android:theme
		ADDED from src\main\AndroidManifest.xml:52:89-147
	android:name
		ADDED from src\main\AndroidManifest.xml:52:19-88
activity#combodia.moatv5.settop.shopping.LifeCategoryActivity
ADDED from src\main\AndroidManifest.xml:54:9-55:20
	android:theme
		ADDED from src\main\AndroidManifest.xml:54:87-145
	android:name
		ADDED from src\main\AndroidManifest.xml:54:19-86
activity#combodia.moatv5.settop.shopping.LifeListActivity
ADDED from src\main\AndroidManifest.xml:56:10-57:20
	android:theme
		ADDED from src\main\AndroidManifest.xml:56:84-142
	android:name
		ADDED from src\main\AndroidManifest.xml:56:20-83
activity#combodia.moatv5.settop.shopping.DetailLifeActivity
ADDED from src\main\AndroidManifest.xml:58:9-59:20
	android:theme
		ADDED from src\main\AndroidManifest.xml:58:85-143
	android:name
		ADDED from src\main\AndroidManifest.xml:58:19-84
activity#combodia.moatv5.settop.delivery.DeliveryListActivity
ADDED from src\main\AndroidManifest.xml:60:9-61:20
	android:theme
		ADDED from src\main\AndroidManifest.xml:60:87-145
	android:name
		ADDED from src\main\AndroidManifest.xml:60:19-86
activity#combodia.moatv5.setting.RechargeActivity
ADDED from src\main\AndroidManifest.xml:62:9-63:20
	android:theme
		ADDED from src\main\AndroidManifest.xml:62:75-133
	android:name
		ADDED from src\main\AndroidManifest.xml:62:19-74
activity#combodia.moatv5.setting.ChildActivity
ADDED from src\main\AndroidManifest.xml:64:9-65:20
	android:theme
		ADDED from src\main\AndroidManifest.xml:64:72-130
	android:name
		ADDED from src\main\AndroidManifest.xml:64:19-71
activity#combodia.moatv5.setting.HelpActivity
ADDED from src\main\AndroidManifest.xml:66:10-67:20
	android:theme
		ADDED from src\main\AndroidManifest.xml:66:72-130
	android:name
		ADDED from src\main\AndroidManifest.xml:66:20-71
activity#combodia.moatv5.setting.SpeedActivity
ADDED from src\main\AndroidManifest.xml:68:11-69:20
	android:theme
		ADDED from src\main\AndroidManifest.xml:68:74-132
	android:name
		ADDED from src\main\AndroidManifest.xml:68:21-73
activity#combodia.moatv5.setting.SearchActivity
ADDED from src\main\AndroidManifest.xml:70:9-71:20
	android:theme
		ADDED from src\main\AndroidManifest.xml:70:73-131
	android:name
		ADDED from src\main\AndroidManifest.xml:70:19-72
activity#combodia.moatv5.settop.VideoViewActivity
ADDED from src\main\AndroidManifest.xml:72:9-73:20
	android:theme
		ADDED from src\main\AndroidManifest.xml:72:75-133
	android:name
		ADDED from src\main\AndroidManifest.xml:72:19-74
activity#combodia.moatv5.setting.RestoreActivity
ADDED from src\main\AndroidManifest.xml:74:9-75:20
	android:theme
		ADDED from src\main\AndroidManifest.xml:74:74-132
	android:name
		ADDED from src\main\AndroidManifest.xml:74:19-73
activity#combodia.moatv5.settop.shopping.ExchangeActivity
ADDED from src\main\AndroidManifest.xml:76:9-77:20
	android:theme
		ADDED from src\main\AndroidManifest.xml:76:83-141
	android:name
		ADDED from src\main\AndroidManifest.xml:76:19-82
activity#combodia.moatv5.setting.ShortChannelActivity
ADDED from src\main\AndroidManifest.xml:78:9-79:20
	android:theme
		ADDED from src\main\AndroidManifest.xml:78:79-137
	android:name
		ADDED from src\main\AndroidManifest.xml:78:19-78
activity#combodia.moatv5.settop.shopping.YellowCategoryActivity
ADDED from src\main\AndroidManifest.xml:80:10-81:20
	android:theme
		ADDED from src\main\AndroidManifest.xml:80:90-148
	android:name
		ADDED from src\main\AndroidManifest.xml:80:20-89
activity#combodia.moatv5.settop.shopping.YellowListActivity
ADDED from src\main\AndroidManifest.xml:82:9-83:20
	android:theme
		ADDED from src\main\AndroidManifest.xml:82:85-143
	android:name
		ADDED from src\main\AndroidManifest.xml:82:19-84
activity#combodia.moatv5.settop.shopping.DetailYellowActivity
ADDED from src\main\AndroidManifest.xml:84:9-85:20
	android:theme
		ADDED from src\main\AndroidManifest.xml:84:87-145
	android:name
		ADDED from src\main\AndroidManifest.xml:84:19-86
activity#combodia.moatv5.settop.shopping.ShoppingCategoryActivity
ADDED from src\main\AndroidManifest.xml:86:10-87:20
	android:theme
		ADDED from src\main\AndroidManifest.xml:86:92-150
	android:name
		ADDED from src\main\AndroidManifest.xml:86:20-91
activity#combodia.moatv5.settop.delivery.DeliveryCategoryActivity
ADDED from src\main\AndroidManifest.xml:88:10-89:20
	android:theme
		ADDED from src\main\AndroidManifest.xml:88:92-150
	android:name
		ADDED from src\main\AndroidManifest.xml:88:20-91
activity#combodia.moatv5.listlive.ListLiveActivity
ADDED from src\main\AndroidManifest.xml:90:9-91:20
	android:theme
		ADDED from src\main\AndroidManifest.xml:90:76-134
	android:name
		ADDED from src\main\AndroidManifest.xml:90:19-75